#
# There is insufficient memory for the Java Runtime Environment to continue.
# Native memory allocation (malloc) failed to allocate 1048576 bytes for AllocateHeap
# Possible reasons:
#   The system is out of physical RAM or swap space
#   In 32 bit mode, the process size limit was hit
# Possible solutions:
#   Reduce memory load on the system
#   Increase physical memory or swap space
#   Check if swap backing store is full
#   Use 64 bit Java on a 64 bit OS
#   Decrease Java heap size (-Xmx/-Xms)
#   Decrease number of Java threads
#   Decrease Java thread stack sizes (-Xss)
#   Set larger code cache with -XX:ReservedCodeCacheSize=
# This output file may be truncated or incomplete.
#
#  Out of Memory Error (memory/allocation.inline.hpp:62), pid=1080, tid=6452
#
# JRE version:  (8.0_25-b18) (build )
# Java VM: Java HotSpot(TM) 64-Bit Server VM (25.25-b02 mixed mode windows-amd64 compressed oops)
# Failed to write core dump. Minidumps are not enabled by default on client versions of Windows
#

---------------  T H R E A D  ---------------

Current thread (0x0000000002e20800):  JavaThread "Unknown thread" [_thread_in_vm, id=6452, stack(0x0000000002c80000,0x0000000002d80000)]

Stack: [0x0000000002c80000,0x0000000002d80000]
Native frames: (J=compiled Java code, j=interpreted, Vv=VM code, C=native code)
V  [jvm.dll+0x31667a]
V  [jvm.dll+0x267073]
V  [jvm.dll+0x267cb3]
V  [jvm.dll+0x25f5b5]
V  [jvm.dll+0x25e60f]
V  [jvm.dll+0x3d616c]
V  [jvm.dll+0x3d1967]
V  [jvm.dll+0xe53f2]
V  [jvm.dll+0x1f9b19]
V  [jvm.dll+0x22b2e4]
V  [jvm.dll+0x14d571]
C  [java.exe+0x20b6]
C  [java.exe+0xc9bb]
C  [java.exe+0xca4f]
C  [KERNEL32.DLL+0x16ad]
C  [ntdll.dll+0x54409]


---------------  P R O C E S S  ---------------

Java Threads: ( => current thread )

Other Threads:

=>0x0000000002e20800 (exited) JavaThread "Unknown thread" [_thread_in_vm, id=6452, stack(0x0000000002c80000,0x0000000002d80000)]

VM state:not at safepoint (normal execution)

VM Mutex/Monitor currently owned by a thread: None

Heap:
 PSYoungGen      total 37888K, used 655K [0x00000000d6180000, 0x00000000d8b80000, 0x0000000100000000)
  eden space 32768K, 2% used [0x00000000d6180000,0x00000000d6223d80,0x00000000d8180000)
  from space 5120K, 0% used [0x00000000d8680000,0x00000000d8680000,0x00000000d8b80000)
  to   space 5120K, 0% used [0x00000000d8180000,0x00000000d8180000,0x00000000d8680000)
 ParOldGen       total 86016K, used 0K [0x0000000082400000, 0x0000000087800000, 0x00000000d6180000)
  object space 86016K, 0% used [0x0000000082400000,0x0000000082400000,0x0000000087800000)
 Metaspace       used 654K, capacity 4480K, committed 4480K, reserved 1056768K
  class space    used 66K, capacity 384K, committed 384K, reserved 1048576K

Card table byte_map: [0x00000000122e0000,0x00000000126d0000] byte_map_base: 0x0000000011ece000

Marking Bits: (ParMarkBitMap*) 0x0000000077a2d490
 Begin Bits: [0x0000000013170000, 0x00000000150e0000)
 End Bits:   [0x00000000150e0000, 0x0000000017050000)

Polling page: 0x00000000012c0000

CodeCache: size=245760Kb used=327Kb max_used=327Kb free=245432Kb
 bounds [0x0000000002f20000, 0x0000000003190000, 0x0000000011f20000]
 total_blobs=56 nmethods=0 adapters=37
 compilation: enabled

Compilation events (0 events):
No events

GC Heap History (0 events):
No events

Deoptimization events (0 events):
No events

Internal exceptions (0 events):
No events

Events (10 events):
Event: 0.041 loading class java/lang/Short
Event: 0.041 loading class java/lang/Short done
Event: 0.041 loading class java/lang/Integer
Event: 0.041 loading class java/lang/Integer done
Event: 0.041 loading class java/lang/Long
Event: 0.041 loading class java/lang/Long done
Event: 0.041 loading class java/lang/NullPointerException
Event: 0.041 loading class java/lang/NullPointerException done
Event: 0.041 loading class java/lang/ArithmeticException
Event: 0.041 loading class java/lang/ArithmeticException done


Dynamic libraries:
0x00007ff7cf2d0000 - 0x00007ff7cf304000 	C:\Program Files\Java\jre1.8.0_25\bin\java.exe
0x00007ffd3dd20000 - 0x00007ffd3dec6000 	C:\WINDOWS\SYSTEM32\ntdll.dll
0x00007ffd3b5b0000 - 0x00007ffd3b6ea000 	C:\WINDOWS\system32\KERNEL32.DLL
0x00007ffd3b440000 - 0x00007ffd3b54f000 	C:\WINDOWS\system32\KERNELBASE.dll
0x00007ffd39c80000 - 0x00007ffd39d08000 	C:\WINDOWS\system32\apphelp.dll
0x00007ffd26710000 - 0x00007ffd2675f000 	C:\WINDOWS\AppPatch\AppPatch64\AcGenral.DLL
0x00007ffd3d9a0000 - 0x00007ffd3da47000 	C:\WINDOWS\system32\msvcrt.dll
0x00007ffd3af40000 - 0x00007ffd3af6b000 	C:\WINDOWS\SYSTEM32\SspiCli.dll
0x00007ffd3d6c0000 - 0x00007ffd3d711000 	C:\WINDOWS\system32\SHLWAPI.dll
0x00007ffd3da50000 - 0x00007ffd3dbc1000 	C:\WINDOWS\system32\USER32.dll
0x00007ffd3d3f0000 - 0x00007ffd3d568000 	C:\WINDOWS\system32\ole32.dll
0x00007ffd3be40000 - 0x00007ffd3d24f000 	C:\WINDOWS\system32\SHELL32.dll
0x00007ffd3ab30000 - 0x00007ffd3ab4e000 	C:\WINDOWS\SYSTEM32\USERENV.dll
0x00007ffd3bb40000 - 0x00007ffd3bbe5000 	C:\WINDOWS\system32\ADVAPI32.dll
0x00007ffd33340000 - 0x00007ffd3335b000 	C:\WINDOWS\SYSTEM32\MPR.dll
0x00007ffd3b710000 - 0x00007ffd3b847000 	C:\WINDOWS\system32\RPCRT4.dll
0x00007ffd3dbd0000 - 0x00007ffd3dc27000 	C:\WINDOWS\SYSTEM32\sechost.dll
0x00007ffd3d7c0000 - 0x00007ffd3d996000 	C:\WINDOWS\SYSTEM32\combase.dll
0x00007ffd3d570000 - 0x00007ffd3d6b4000 	C:\WINDOWS\system32\GDI32.dll
0x00007ffd3b090000 - 0x00007ffd3b0a4000 	C:\WINDOWS\SYSTEM32\profapi.dll
0x00007ffd39be0000 - 0x00007ffd39c7f000 	C:\WINDOWS\SYSTEM32\SHCORE.dll
0x00007ffd3d780000 - 0x00007ffd3d7b4000 	C:\WINDOWS\system32\IMM32.DLL
0x00007ffd3bc50000 - 0x00007ffd3bd89000 	C:\WINDOWS\system32\MSCTF.dll
0x00007ffd38e10000 - 0x00007ffd3906a000 	C:\WINDOWS\WinSxS\amd64_microsoft.windows.common-controls_6595b64144ccf1df_6.0.9600.17031_none_6242a4b3ecbb55a1\COMCTL32.dll
0x0000000077ab0000 - 0x0000000077b82000 	C:\Program Files\Java\jre1.8.0_25\bin\msvcr100.dll
0x0000000077250000 - 0x0000000077aaa000 	C:\Program Files\Java\jre1.8.0_25\bin\server\jvm.dll
0x00007ffd2b6b0000 - 0x00007ffd2b6b9000 	C:\WINDOWS\SYSTEM32\WSOCK32.dll
0x00007ffd389e0000 - 0x00007ffd389ff000 	C:\WINDOWS\SYSTEM32\WINMM.dll
0x00007ffd3b6f0000 - 0x00007ffd3b6f7000 	C:\WINDOWS\system32\PSAPI.DLL
0x00007ffd3bae0000 - 0x00007ffd3bb38000 	C:\WINDOWS\system32\WS2_32.dll
0x00007ffd37730000 - 0x00007ffd3775a000 	C:\WINDOWS\SYSTEM32\WINMMBASE.dll
0x00007ffd3b700000 - 0x00007ffd3b709000 	C:\WINDOWS\system32\NSI.dll
0x00007ffd3b160000 - 0x00007ffd3b1aa000 	C:\WINDOWS\SYSTEM32\cfgmgr32.dll
0x00007ffd39f00000 - 0x00007ffd39f26000 	C:\WINDOWS\SYSTEM32\DEVOBJ.dll
0x0000000077240000 - 0x000000007724f000 	C:\Program Files\Java\jre1.8.0_25\bin\verify.dll
0x0000000077210000 - 0x0000000077238000 	C:\Program Files\Java\jre1.8.0_25\bin\java.dll
0x00000000771f0000 - 0x0000000077206000 	C:\Program Files\Java\jre1.8.0_25\bin\zip.dll
0x00007ffd36270000 - 0x00007ffd363f8000 	C:\WINDOWS\SYSTEM32\dbghelp.dll

VM Arguments:
java_command: <unknown>
java_class_path (initial): .
Launcher Type: SUN_STANDARD

Environment Variables:
JAVA_HOME=C:\Program Files\Java\jdk1.8.0_11
PATH=C:\Program Files (x86)\NVIDIA Corporation\PhysX\Common;C:\ProgramData\Oracle\Java\javapath;C:\Program Files (x86)\Intel\iCLS Client\;C:\Program Files\Intel\iCLS Client\;C:\WINDOWS\system32;C:\WINDOWS;C:\WINDOWS\System32\Wbem;C:\WINDOWS\System32\WindowsPowerShell\v1.0\;C:\Program Files\Intel\Intel(R) Management Engine Components\DAL;C:\Program Files\Intel\Intel(R) Management Engine Components\IPT;C:\Program Files (x86)\Intel\Intel(R) Management Engine Components\DAL;C:\Program Files (x86)\Intel\Intel(R) Management Engine Components\IPT;C:\Program Files (x86)\QuickTime\QTSystem\;C:\AppServ\Apache2.2\bin;C:\AppServ\php5;C:\AppServ\MySQL\bin
USERNAME=Golf
OS=Windows_NT
PROCESSOR_IDENTIFIER=Intel64 Family 6 Model 60 Stepping 3, GenuineIntel



---------------  S Y S T E M  ---------------

OS: Windows 8.1 , 64 bit Build 9600 

CPU:total 8 (4 cores per cpu, 2 threads per core) family 6 model 60 stepping 3, cmov, cx8, fxsr, mmx, sse, sse2, sse3, ssse3, sse4.1, sse4.2, popcnt, avx, avx2, aes, clmul, erms, lzcnt, ht, tsc, tscinvbit, bmi1, bmi2

Memory: 4k page, physical 8238924k(937804k free), swap 11384652k(5092k free)

vm_info: Java HotSpot(TM) 64-Bit Server VM (25.25-b02) for windows-amd64 JRE (1.8.0_25-b18), built on Oct  7 2014 14:25:37 by "java_re" with MS VC++ 10.0 (VS2010)

time: Tue Feb 24 05:37:24 2015
elapsed time: 0 seconds (0d 0h 0m 0s)

